<?xml version="1.0" encoding="UTF-8"?>
<!-- Generated by org.testng.reporters.JUnitXMLReporter -->
<testsuite hostname="CIPL-LPT-1080" ignored="1" name="DivideBuy Test Automation" tests="1" failures="0" timestamp="2021-11-28T13:17:21 IST" time="15.201" errors="0">
  <testcase name="RCAdmiLogin" time="3.005" classname="main.java.Test.TestClass"/>
  <testcase name="CRMLogin" time="0.0" classname="main.java.Test.TestClass">
    <ignored/>
  </testcase> <!-- CRMLogin -->
</testsuite> <!-- DivideBuy Test Automation -->
