<?xml version="1.0" encoding="UTF-8"?>
<!-- Generated by org.testng.reporters.JUnitXMLReporter -->
<testsuite hostname="CIPL-LPT-1080" ignored="2" tests="0" failures="0" timestamp="2022-04-11T15:53:50 IST" time="0.137" errors="0">
  <testcase name="CRMLogin" time="0.0" classname="main.java.Test.CRMTestClass">
    <ignored/>
  </testcase> <!-- CRMLogin -->
  <testcase name="CRMUpdatePassword" time="0.0" classname="main.java.Test.CRMTestClass">
    <ignored/>
  </testcase> <!-- CRMUpdatePassword -->
</testsuite>
