<?xml version="1.0" encoding="UTF-8"?>
<!-- Generated by org.testng.reporters.JUnitXMLReporter -->
<testsuite hostname="CIPL-LPT-1080" ignored="2" name="DivideBuy Test Automation" tests="1" failures="0" timestamp="2021-11-28T16:32:44 IST" time="7.92" errors="0">
  <testcase name="PortalLogin" time="0.402" classname="main.java.Test.TestClass"/>
  <testcase name="RCAdmiLogin" time="0.0" classname="main.java.Test.TestClass">
    <ignored/>
  </testcase> <!-- RCAdmiLogin -->
  <testcase name="CRMLogin" time="0.0" classname="main.java.Test.TestClass">
    <ignored/>
  </testcase> <!-- CRMLogin -->
</testsuite> <!-- DivideBuy Test Automation -->
